<?xml version="1.0" encoding="UTF-8"?>
<testsuite name="stirling.software.SPDF.utils.ErrorUtilsTest" tests="7" skipped="0" failures="0" errors="0" timestamp="2025-04-07T09:30:23" hostname="DESKTOP-LLJ74U5" time="0.008">
  <properties/>
  <testcase name="testStackTraceGeneration()" classname="stirling.software.SPDF.utils.ErrorUtilsTest" time="0.003"/>
  <testcase name="testExceptionToModelView_NullMessage()" classname="stirling.software.SPDF.utils.ErrorUtilsTest" time="0.0"/>
  <testcase name="testExceptionToModelView()" classname="stirling.software.SPDF.utils.ErrorUtilsTest" time="0.001"/>
  <testcase name="testExceptionToModel2()" classname="stirling.software.SPDF.utils.ErrorUtilsTest" time="0.001"/>
  <testcase name="testExceptionToModel_NullMessage()" classname="stirling.software.SPDF.utils.ErrorUtilsTest" time="0.001"/>
  <testcase name="testExceptionToModel()" classname="stirling.software.SPDF.utils.ErrorUtilsTest" time="0.0"/>
  <testcase name="testExceptionToModelView2()" classname="stirling.software.SPDF.utils.ErrorUtilsTest" time="0.0"/>
  <system-out><![CDATA[]]></system-out>
  <system-err><![CDATA[]]></system-err>
</testsuite>
