<?xml version="1.0" encoding="UTF-8"?>
<testsuite name="stirling.software.SPDF.utils.ErrorUtilsTest" tests="2" skipped="0" failures="0" errors="0" timestamp="2025-04-06T22:13:21" hostname="HPG51TBW11" time="0.031">
  <properties/>
  <testcase name="testExceptionToModelView()" classname="stirling.software.SPDF.utils.ErrorUtilsTest" time="0.027"/>
  <testcase name="testExceptionToModel()" classname="stirling.software.SPDF.utils.ErrorUtilsTest" time="0.001"/>
  <system-out><![CDATA[]]></system-out>
  <system-err><![CDATA[]]></system-err>
</testsuite>
