<?xml version="1.0" encoding="UTF-8"?>
<testsuite name="stirling.software.SPDF.utils.validation.ValidatorTest" tests="4" skipped="0" failures="0" errors="0" timestamp="2025-04-07T09:05:20" hostname="DESKTOP-LLJ74U5" time="0.796">
  <properties/>
  <testcase name="testSuccessfulValidation()" classname="stirling.software.SPDF.utils.validation.ValidatorTest" time="0.774"/>
  <testcase name="[1] null" classname="stirling.software.SPDF.utils.validation.ValidatorTest" time="0.002"/>
  <testcase name="[2] Google [clientId=null, clientSecret=*****, scopes=[scope], useAsUsername=EMAIL]" classname="stirling.software.SPDF.utils.validation.ValidatorTest" time="0.001"/>
  <testcase name="[3] GitHub [clientId=clientId, clientSecret=NULL, scopes=[scope], useAsUsername=LOGIN]" classname="stirling.software.SPDF.utils.validation.ValidatorTest" time="0.0"/>
  <system-out><![CDATA[]]></system-out>
  <system-err><![CDATA[Mockito is currently self-attaching to enable the inline-mock-maker. This will no longer work in future releases of the JDK. Please add Mockito as an agent to your build what is described in Mockito's documentation: https://javadoc.io/doc/org.mockito/mockito-core/latest/org/mockito/Mockito.html#0.3
WARNING: A Java agent has been loaded dynamically (C:\Users\Victor\.gradle\caches\modules-2\files-2.1\net.bytebuddy\byte-buddy-agent\1.15.4\58e850dde88f3cf20f41f659440bef33f6c4fe02\byte-buddy-agent-1.15.4.jar)
WARNING: If a serviceability tool is in use, please run with -XX:+EnableDynamicAgentLoading to hide this warning
WARNING: If a serviceability tool is not in use, please run with -Djdk.instrument.traceUsage for more information
WARNING: Dynamic loading of agents will be disallowed by default in a future release
]]></system-err>
</testsuite>
